0 info it worked if it ends with ok
1 verbose cli [ 'node',
1 verbose cli   '/usr/local/bin/npm',
1 verbose cli   'install',
1 verbose cli   '--save-dev',
1 verbose cli   'colors.css' ]
2 info using npm@1.4.14
3 info using node@v0.10.29
4 warn package.json intquest@0.0.0 No repository field.
5 warn package.json passport-local@0.1.6 No README data
6 verbose readDependencies using package.json deps
7 verbose cache add [ 'colors.css', null ]
8 verbose cache add name=undefined spec="colors.css" args=["colors.css",null]
9 verbose parsed url { protocol: null,
9 verbose parsed url   slashes: null,
9 verbose parsed url   auth: null,
9 verbose parsed url   host: null,
9 verbose parsed url   port: null,
9 verbose parsed url   hostname: null,
9 verbose parsed url   hash: null,
9 verbose parsed url   search: null,
9 verbose parsed url   query: null,
9 verbose parsed url   pathname: 'colors.css',
9 verbose parsed url   path: 'colors.css',
9 verbose parsed url   href: 'colors.css' }
10 silly lockFile 3fb7fd1b-colors-css colors.css
11 verbose lock colors.css /Users/Zack/.npm/3fb7fd1b-colors-css.lock
12 silly lockFile 3fb7fd1b-colors-css colors.css
13 silly lockFile 3fb7fd1b-colors-css colors.css
14 verbose addNamed [ 'colors.css', '' ]
15 verbose addNamed [ null, '*' ]
16 silly lockFile 5f694034-colors-css colors.css@
17 verbose lock colors.css@ /Users/Zack/.npm/5f694034-colors-css.lock
18 silly addNameRange { name: 'colors.css', range: '*', hasData: false }
19 verbose url raw colors.css
20 verbose url resolving [ 'https://registry.npmjs.org/', './colors.css' ]
21 verbose url resolved https://registry.npmjs.org/colors.css
22 info trying registry request attempt 1 at 14:02:15
23 http GET https://registry.npmjs.org/colors.css
24 http 200 https://registry.npmjs.org/colors.css
25 silly registry.get cb [ 200,
25 silly registry.get   { date: 'Mon, 15 Sep 2014 18:02:16 GMT',
25 silly registry.get     server: 'CouchDB/1.5.0 (Erlang OTP/R16B03)',
25 silly registry.get     etag: '"1R2IH8W0R5RH00B02FMQ0MHQ7"',
25 silly registry.get     'content-type': 'application/json',
25 silly registry.get     'cache-control': 'max-age=60',
25 silly registry.get     'content-length': '7992',
25 silly registry.get     'accept-ranges': 'bytes',
25 silly registry.get     via: '1.1 varnish',
25 silly registry.get     age: '0',
25 silly registry.get     'x-served-by': 'cache-jfk1035-JFK',
25 silly registry.get     'x-cache': 'MISS',
25 silly registry.get     'x-cache-hits': '0',
25 silly registry.get     'x-timer': 'S1410804136.540625,VS0,VE354',
25 silly registry.get     vary: 'Accept',
25 silly registry.get     'keep-alive': 'timeout=10, max=50',
25 silly registry.get     connection: 'Keep-Alive' } ]
26 silly addNameRange number 2 { name: 'colors.css', range: '*', hasData: true }
27 silly addNameRange versions [ 'colors.css', [ '1.0.0' ] ]
28 verbose addNamed [ 'colors.css', '1.0.0' ]
29 verbose addNamed [ '1.0.0', '1.0.0' ]
30 silly lockFile 1ffbeabe-colors-css-1-0-0 colors.css@1.0.0
31 verbose lock colors.css@1.0.0 /Users/Zack/.npm/1ffbeabe-colors-css-1-0-0.lock
32 silly lockFile 8a46ffee--colors-css-colors-css-1-0-0-tgz https://registry.npmjs.org/colors.css/-/colors.css-1.0.0.tgz
33 verbose lock https://registry.npmjs.org/colors.css/-/colors.css-1.0.0.tgz /Users/Zack/.npm/8a46ffee--colors-css-colors-css-1-0-0-tgz.lock
34 verbose addRemoteTarball [ 'https://registry.npmjs.org/colors.css/-/colors.css-1.0.0.tgz',
34 verbose addRemoteTarball   'd19266399179bbde04cb8025674d0ab6459befe3' ]
35 info retry fetch attempt 1 at 14:02:16
36 verbose fetch to= /var/folders/np/qzcmkqw53yn7hkg57dsh2f3c0000gn/T/npm-47966-ihPSq1w1/registry.npmjs.org/colors.css/-/colors.css-1.0.0.tgz
37 http GET https://registry.npmjs.org/colors.css/-/colors.css-1.0.0.tgz
38 http 200 https://registry.npmjs.org/colors.css/-/colors.css-1.0.0.tgz
39 silly lockFile 8a46ffee--colors-css-colors-css-1-0-0-tgz https://registry.npmjs.org/colors.css/-/colors.css-1.0.0.tgz
40 silly lockFile 8a46ffee--colors-css-colors-css-1-0-0-tgz https://registry.npmjs.org/colors.css/-/colors.css-1.0.0.tgz
41 silly lockFile 1ffbeabe-colors-css-1-0-0 colors.css@1.0.0
42 silly lockFile 1ffbeabe-colors-css-1-0-0 colors.css@1.0.0
43 silly lockFile 5f694034-colors-css colors.css@
44 silly lockFile 5f694034-colors-css colors.css@
45 silly resolved [ { name: 'colors.css',
45 silly resolved     version: '1.0.0',
45 silly resolved     homepage: 'http://clrs.cc',
45 silly resolved     description: 'Better colors for the web. A collection of skin classes for faster prototyping and nicer looking sites.',
45 silly resolved     keywords:
45 silly resolved      [ 'colors',
45 silly resolved        'design',
45 silly resolved        'palette',
45 silly resolved        'css',
45 silly resolved        'oocss',
45 silly resolved        'sass',
45 silly resolved        'stylus',
45 silly resolved        'myth',
45 silly resolved        'less' ],
45 silly resolved     devDependencies:
45 silly resolved      { gulp: '~3.5.5',
45 silly resolved        'gulp-livereload': '~0.2.0',
45 silly resolved        'gulp-minify-css': '~0.2.0',
45 silly resolved        'tiny-lr': '0.0.5',
45 silly resolved        'gulp-util': '~2.2.12',
45 silly resolved        'gulp-watch': '~0.5.0',
45 silly resolved        'gulp-csslint': '~0.1.3',
45 silly resolved        'gulp-sass': '~0.4.1',
45 silly resolved        'gulp-stylus': '0.0.11',
45 silly resolved        'gulp-myth': '~0.1.1',
45 silly resolved        'gulp-autoprefixer': '0.0.5' },
45 silly resolved     repository: { type: 'git', url: 'http://github.com/mrmrs/colors.git' },
45 silly resolved     bugs:
45 silly resolved      { url: 'http://github.com/mrmrs/colors/issues',
45 silly resolved        email: 'hi@mrmrs.cc' },
45 silly resolved     author: { name: '@mrmrs', email: 'hi@mrmrs.cc', url: 'http://mrmrs.cc' },
45 silly resolved     contributors:
45 silly resolved      [ [Object],
45 silly resolved        [Object],
45 silly resolved        [Object],
45 silly resolved        [Object],
45 silly resolved        [Object],
45 silly resolved        [Object],
45 silly resolved        [Object] ],
45 silly resolved     engines: { node: '=>0.10.22' },
45 silly resolved     license: 'MIT',
45 silly resolved     _id: 'colors.css@1.0.0',
45 silly resolved     _shasum: 'd19266399179bbde04cb8025674d0ab6459befe3',
45 silly resolved     _from: 'colors.css@',
45 silly resolved     _npmVersion: '1.4.9',
45 silly resolved     _npmUser: { name: 'mrmrs', email: 'hi@mrmrs.cc' },
45 silly resolved     maintainers: [ [Object] ],
45 silly resolved     dist:
45 silly resolved      { shasum: 'd19266399179bbde04cb8025674d0ab6459befe3',
45 silly resolved        tarball: 'http://registry.npmjs.org/colors.css/-/colors.css-1.0.0.tgz' },
45 silly resolved     directories: {},
45 silly resolved     _resolved: 'https://registry.npmjs.org/colors.css/-/colors.css-1.0.0.tgz' } ]
46 info install colors.css@1.0.0 into /Users/Zack/intquest
47 info installOne colors.css@1.0.0
48 warn engine colors.css@1.0.0: wanted: {"node":"=>0.10.22"} (current: {"node":"v0.10.29","npm":"1.4.14"})
49 info /Users/Zack/intquest/node_modules/colors.css unbuild
50 verbose tar unpack /Users/Zack/.npm/colors.css/1.0.0/package.tgz
51 silly lockFile 03ee6ba1-intquest-node-modules-colors-css tar:///Users/Zack/intquest/node_modules/colors.css
52 verbose lock tar:///Users/Zack/intquest/node_modules/colors.css /Users/Zack/.npm/03ee6ba1-intquest-node-modules-colors-css.lock
53 silly lockFile 1508cf70-npm-colors-css-1-0-0-package-tgz tar:///Users/Zack/.npm/colors.css/1.0.0/package.tgz
54 verbose lock tar:///Users/Zack/.npm/colors.css/1.0.0/package.tgz /Users/Zack/.npm/1508cf70-npm-colors-css-1-0-0-package-tgz.lock
55 silly gunzTarPerm modes [ '755', '644' ]
56 silly gunzTarPerm extractEntry package.json
57 silly gunzTarPerm extractEntry README.md
58 silly gunzTarPerm extractEntry gulpfile.js
59 silly gunzTarPerm extractEntry js/colors.js
60 silly gunzTarPerm extractEntry css/colors.css
61 silly gunzTarPerm extractEntry css/colors.min.css
62 silly gunzTarPerm extractEntry .sass-cache/e89e4467c16936ac1d747d1b70035665708744ae/_normalize.scssc
63 silly gunzTarPerm extractEntry .sass-cache/e89e4467c16936ac1d747d1b70035665708744ae/_skins.scssc
64 silly gunzTarPerm extractEntry .sass-cache/e89e4467c16936ac1d747d1b70035665708744ae/_variables.scssc
65 silly gunzTarPerm extractEntry .sass-cache/e89e4467c16936ac1d747d1b70035665708744ae/_wut.scssc
66 silly gunzTarPerm extractEntry .sass-cache/e89e4467c16936ac1d747d1b70035665708744ae/colors.scssc
67 silly gunzTarPerm extractEntry index.html
68 silly gunzTarPerm extractEntry bower.json
69 silly gunzTarPerm extractEntry less/_links.less
70 silly gunzTarPerm extractEntry less/_skins.less
71 silly gunzTarPerm extractEntry less/_variables.less
72 silly gunzTarPerm extractEntry less/colors.less
73 silly gunzTarPerm extractEntry myth/colors.css
74 silly gunzTarPerm extractEntry site.css
75 silly gunzTarPerm extractEntry coffee/colors.coffee
76 silly gunzTarPerm extractEntry sass/_links.scss
77 silly gunzTarPerm extractEntry sass/_skins.scss
78 silly gunzTarPerm extractEntry sass/_variables.scss
79 silly gunzTarPerm extractEntry sass/colors.scss
80 silly gunzTarPerm extractEntry stylus/colors.styl
81 silly gunzTarPerm extractEntry stylus/links.styl
82 silly gunzTarPerm extractEntry stylus/skins.styl
83 silly gunzTarPerm extractEntry stylus/variables.styl
84 silly lockFile 03ee6ba1-intquest-node-modules-colors-css tar:///Users/Zack/intquest/node_modules/colors.css
85 silly lockFile 03ee6ba1-intquest-node-modules-colors-css tar:///Users/Zack/intquest/node_modules/colors.css
86 silly lockFile 1508cf70-npm-colors-css-1-0-0-package-tgz tar:///Users/Zack/.npm/colors.css/1.0.0/package.tgz
87 silly lockFile 1508cf70-npm-colors-css-1-0-0-package-tgz tar:///Users/Zack/.npm/colors.css/1.0.0/package.tgz
88 info preinstall colors.css@1.0.0
89 verbose readDependencies using package.json deps
90 verbose readDependencies using package.json deps
91 silly resolved []
92 verbose about to build /Users/Zack/intquest/node_modules/colors.css
93 info build /Users/Zack/intquest/node_modules/colors.css
94 verbose linkStuff [ false, false, false, '/Users/Zack/intquest/node_modules' ]
95 info linkStuff colors.css@1.0.0
96 verbose linkBins colors.css@1.0.0
97 verbose linkMans colors.css@1.0.0
98 verbose rebuildBundles colors.css@1.0.0
99 info install colors.css@1.0.0
100 info postinstall colors.css@1.0.0
101 error peerinvalid The package karma-requirejs does not satisfy its siblings' peerDependencies requirements!
101 error peerinvalid Peer karma@0.10.10 wants karma-requirejs@~0.2.0
102 error System Darwin 13.3.0
103 error command "node" "/usr/local/bin/npm" "install" "--save-dev" "colors.css"
104 error cwd /Users/Zack/intquest
105 error node -v v0.10.29
106 error npm -v 1.4.14
107 error code EPEERINVALID
108 verbose exit [ 1, true ]
